2019-11-22 15:55:04,325|I|Thread-1|(DELAYED) nexial-core dev_0704 starting up...
2019-11-22 15:55:04,329|I|Thread-1|(DELAYED) validating test script as C:\projects\nexial\artifact\script\MyFirstProject.xlsx
2019-11-22 15:55:04,329|I|Thread-1|(DELAYED) validating data file as C:\projects\nexial\artifact\data\MyFirstProject.data.xlsx
2019-11-22 15:55:04,330|I|Thread-1|(DELAYED) validating test script as C:\projects\nexial\artifact\script\MyFirstProject.xlsx
2019-11-22 15:55:04,330|I|Thread-1|(DELAYED) validating data file as C:\projects\nexial\artifact\data\MyFirstProject.data.xlsx
2019-11-22 15:55:04,330|I|Thread-1|(DELAYED) validating test script as C:\projects\nexial\artifact\script\MyFirstProject.xlsx
2019-11-22 15:55:04,330|I|Thread-1|(DELAYED) validating data file as C:\projects\nexial\artifact\data\MyFirstProject.data.xlsx
2019-11-22 15:55:04,330|I|Thread-1|(DELAYED) input files and output directory resolved...
2019-11-22 15:55:04,330|I|Thread-1|(DELAYED) No predefined nexial-setup found
2019-11-22 15:55:04,331|I|Thread-1|(DELAYED) [20191122_155503] [C:\projects\nexial\artifact\script\MyFirstProject.xlsx] resolve RUN ID as 20191122_155503
2019-11-22 15:55:04,331|I|Thread-1|(DELAYED) [20191122_155503] [C:\projects\nexial\artifact\script\MyFirstProject.xlsx] new thread started
2019-11-22 15:55:04,331|I|Thread-1|No predefined nexial-setup found
2019-11-22 15:55:04,433|I|Thread-1|outputBase not set; output-to-cloud DISABLED!
2019-11-22 15:55:04,435|I|Thread-1|accessKey not set; output-to-cloud DISABLED!
2019-11-22 15:55:04,436|I|Thread-1|secretKey not set; output-to-cloud DISABLED!
2019-11-22 15:55:04,457|I|Thread-1|missing REQUIRED configuration; sms DISABLED!
2019-11-22 15:55:05,383|I|Thread-1|[20191122_155503] executing C:\projects\nexial\artifact\script\MyFirstProject.xlsx with 1 iteration(s)
2019-11-22 15:55:05,386|I|Thread-1|[20191122_155503] create directory C:\projects\nexial\output\20191122_155503\captures
2019-11-22 15:55:05,387|I|Thread-1|[20191122_155503] create directory C:\projects\nexial\output\20191122_155503\logs
2019-11-22 15:55:07,093|I|Thread-1|macro(s) found and merged; C:\projects\nexial\output\20191122_155503\Test-plan.001,MyFirstProject.20191122_155505.001.xlsx will need to be saved
2019-11-22 15:55:07,095|I|Thread-1|[20191122_155503] merging test data to tmp file C:\projects\nexial\output\20191122_155503\Test-plan.001,MyFirstProject.20191122_155505.001.xlsx
2019-11-22 15:55:07,096|I|Thread-1|refetching data from C:\projects\nexial\artifact\data\MyFirstProject.data.xlsx
2019-11-22 15:55:07,417|I|Thread-1|[20191122_155503] test script and test data merged to C:\projects\nexial\output\20191122_155503\Test-plan.001,MyFirstProject.20191122_155505.001.xlsx
2019-11-22 15:55:08,518|I|Thread-1|STARTS
2019-11-22 15:55:08,638|I|Thread-1|Test-plan.001,MyFirstProject.20191122_155505.001 - executing iteration #1 of 1; Iteration Id 2
2019-11-22 15:55:08,648|I|Thread-1|Test-plan.001,MyFirstProject.20191122_155505.001|HRM - executing test scenario
2019-11-22 15:55:08,650|I|Thread-1|Test-plan.001,MyFirstProject.20191122_155505.001|HRM|Macro-testing - executing activity
2019-11-22 15:55:09,254|I|Thread-1|Test-plan.001,MyFirstProject.20191122_155505.001|HRM|Macro-testing|#  5|base.section(steps) - executing section(steps)(6)
2019-11-22 15:55:09,284|I|Thread-1|Test-plan.001,MyFirstProject.20191122_155505.001|HRM|Macro-testing|#  5|base.section(steps) - PASS null
2019-11-22 15:55:09,902|I|Thread-1|Test-plan.001,MyFirstProject.20191122_155505.001|HRM|Macro-testing|#  6|web.open(url) - executing open(url)(${hrmURL})
2019-11-22 15:55:09,902|I|Thread-1|No valid instance of webdriver, initializing...
2019-11-22 15:55:09,902|I|Thread-1|init firefox
2019-11-22 15:55:15,420|I|Thread-1|browser initialization completed for 'firefox'
2019-11-22 15:55:15,435|I|Thread-1|setting browser polling wait time to 800 ms
2019-11-22 15:55:15,451|I|Thread-1|setting browser page load timeout to 10000 ms
2019-11-22 15:55:19,862|I|Thread-1|current browser window handle:18
2019-11-22 15:55:20,420|I|Thread-1|Test-plan.001,MyFirstProject.20191122_155505.001|HRM|Macro-testing|#  6|web.open(url) - PASS opened URL https://www.orangehrm.com/
2019-11-22 15:55:21,102|I|Thread-1|Test-plan.001,MyFirstProject.20191122_155505.001|HRM|Macro-testing|#  7|web.clickAndWait(locator, - executing clickAndWait(locator,waitMs)(${featuresBtn}, 3000)
2019-11-22 15:55:21,213|I|Thread-1|clicking '//a[@href='/features/']'...
2019-11-22 15:55:21,355|I|Thread-1|click target via JS, @id=
2019-11-22 15:55:21,474|I|Thread-1|clicked -> true
2019-11-22 15:55:24,894|I|Thread-1|Test-plan.001,MyFirstProject.20191122_155505.001|HRM|Macro-testing|#  7|web.clickAndWait(locator, - PASS clicked-and-waited '//a[@href='/features/']'
2019-11-22 15:55:25,500|I|Thread-1|Test-plan.001,MyFirstProject.20191122_155505.001|HRM|Macro-testing|#  8|web.clickAndWait(locator, - executing clickAndWait(locator,waitMs)(${sysAdminLink}, 3500)
2019-11-22 15:55:25,548|I|Thread-1|clicking '//h4[text()='System Administration & User Roles']/parent::a'...
2019-11-22 15:55:25,571|I|Thread-1|click target via JS, @id=
2019-11-22 15:55:25,635|I|Thread-1|clicked -> true
2019-11-22 15:55:29,324|I|Thread-1|Test-plan.001,MyFirstProject.20191122_155505.001|HRM|Macro-testing|#  8|web.clickAndWait(locator, - PASS clicked-and-waited '//h4[text()='System Administration & User Roles']/parent::a'
2019-11-22 15:55:29,924|I|Thread-1|Test-plan.001,MyFirstProject.20191122_155505.001|HRM|Macro-testing|#  9|web.scrollTo(locator) - executing scrollTo(locator)(${requestQuoteBtn})
2019-11-22 15:55:29,982|I|Thread-1|Test-plan.001,MyFirstProject.20191122_155505.001|HRM|Macro-testing|#  9|web.scrollTo(locator) - PASS scrolled to '//a[text()='Request A Quote']'
2019-11-22 15:55:30,585|I|Thread-1|Test-plan.001,MyFirstProject.20191122_155505.001|HRM|Macro-testing|# 10|web.clickAndWait(locator, - executing clickAndWait(locator,waitMs)(${requestQuoteBtn}, 3000)
2019-11-22 15:55:30,600|I|Thread-1|clicking '//a[text()='Request A Quote']'...
2019-11-22 15:55:30,616|I|Thread-1|click target via JS, @id=
2019-11-22 15:55:30,663|I|Thread-1|clicked -> true
2019-11-22 15:55:33,374|I|Thread-1|Test-plan.001,MyFirstProject.20191122_155505.001|HRM|Macro-testing|# 10|web.clickAndWait(locator, - PASS clicked-and-waited '//a[text()='Request A Quote']'
2019-11-22 15:55:33,999|I|Thread-1|Test-plan.001,MyFirstProject.20191122_155505.001|HRM|Macro-testing|# 11|web.assertText(locator,te - executing assertText(locator,text)(${requestQuoteText}, ${quoteAssert})
2019-11-22 15:55:34,083|I|Thread-1|Test-plan.001,MyFirstProject.20191122_155505.001|HRM|Macro-testing|# 11|web.assertText(locator,te - PASS null
2019-11-22 15:55:34,183|I|Thread-1|[Test-plan.001,MyFirstProject.20191122_155505.001|HRM] saving test scenario
2019-11-22 15:55:34,341|I|Thread-1|[20191122_155503] 
/-TEST COMPLETE-----------------------------------------------------------------
| Test Output:    C:\projects\nexial\output\20191122_155503\Test-plan.001,MyFirstProject.20191122_155505.001.xlsx
| Iteration:      1
\-------------------------------------------------------------------------------
» Execution Time: 25690 ms
» Test Steps:     7
» Error(s):       0



2019-11-22 15:55:37,775|I|Thread-1|[20191122_155503] 
/-TEST COMPLETE-----------------------------------------------------------------
| Test Script:    C:\projects\nexial\artifact\script\MyFirstProject.xlsx
\-------------------------------------------------------------------------------
» Execution Time: 33680 ms
» Iterations:     [2] total 1
» Test Steps:     7
» Passed:         7
» Error(s):       0
» Iteration 1 of 1: C:\projects\nexial\output\20191122_155503\Test-plan.001,MyFirstProject.20191122_155505.001.xlsx



2019-11-22 15:55:38,231|I|main|[20191122_155503] [C:\projects\nexial\artifact\script\MyFirstProject.xlsx] now completed
2019-11-22 15:55:38,238|I|main|[20191122_155503] [C:\projects\nexial\artifact\script\MyFirstProject.xlsx] resolve RUN ID as 20191122_155503
2019-11-22 15:55:38,241|I|main|[20191122_155503] [C:\projects\nexial\artifact\script\MyFirstProject.xlsx] new thread started
2019-11-22 15:55:38,295|I|Thread-5|missing REQUIRED configuration; sms DISABLED!
2019-11-22 15:55:38,359|I|Thread-5|[20191122_155503] executing C:\projects\nexial\artifact\script\MyFirstProject.xlsx with 1 iteration(s)
2019-11-22 15:55:38,362|I|Thread-5|[20191122_155503] create directory C:\projects\nexial\output\20191122_155503\captures
2019-11-22 15:55:38,366|I|Thread-5|[20191122_155503] create directory C:\projects\nexial\output\20191122_155503\logs
2019-11-22 15:55:39,860|I|Thread-5|macro(s) found and merged; C:\projects\nexial\output\20191122_155503\Test-plan.002,MyFirstProject.20191122_155538.001.xlsx will need to be saved
2019-11-22 15:55:39,860|I|Thread-5|[20191122_155503] merging test data to tmp file C:\projects\nexial\output\20191122_155503\Test-plan.002,MyFirstProject.20191122_155538.001.xlsx
2019-11-22 15:55:39,860|I|Thread-5|refetching data from C:\projects\nexial\artifact\data\MyFirstProject.data.xlsx
2019-11-22 15:55:40,110|I|Thread-5|[20191122_155503] test script and test data merged to C:\projects\nexial\output\20191122_155503\Test-plan.002,MyFirstProject.20191122_155538.001.xlsx
2019-11-22 15:55:41,292|I|Thread-5|STARTS
2019-11-22 15:55:41,308|I|Thread-5|Test-plan.002,MyFirstProject.20191122_155538.001 - executing iteration #1 of 1; Iteration Id 2
2019-11-22 15:55:41,308|I|Thread-5|Test-plan.002,MyFirstProject.20191122_155538.001|Scenario - executing test scenario
2019-11-22 15:55:41,323|I|Thread-5|Test-plan.002,MyFirstProject.20191122_155538.001|Scenario|Activity 1 - executing activity
2019-11-22 15:55:41,926|I|Thread-5|Test-plan.002,MyFirstProject.20191122_155538.001|Scenario|Activity 1|#  5|base.verbose(text) - executing verbose(text)(Hello World)
2019-11-22 15:55:41,926|I|Thread-5|Test-plan.002,MyFirstProject.20191122_155538.001|Scenario|Activity 1|#  5|base.verbose(text) - Hello World
2019-11-22 15:55:41,926|I|Thread-5|Test-plan.002,MyFirstProject.20191122_155538.001|Scenario|Activity 1|#  5|base.verbose(text) - PASS 
2019-11-22 15:55:41,926|I|Thread-5|Test-plan.002,MyFirstProject.20191122_155538.001|Scenario|Sample - executing activity
2019-11-22 15:55:42,535|I|Thread-5|Test-plan.002,MyFirstProject.20191122_155538.001|Scenario|Sample|#  6|web.open(url) - executing open(url)(https://www.google.com)
2019-11-22 15:55:43,856|I|Thread-5|current browser window handle:18
2019-11-22 15:55:43,873|I|Thread-5|Test-plan.002,MyFirstProject.20191122_155538.001|Scenario|Sample|#  6|web.open(url) - PASS opened URL https://www.google.com
2019-11-22 15:55:44,476|I|Thread-5|Test-plan.002,MyFirstProject.20191122_155538.001|Scenario|Sample|#  7|web.maximizeWindow() - executing maximizeWindow()()
2019-11-22 15:55:44,506|I|Thread-5|Test-plan.002,MyFirstProject.20191122_155538.001|Scenario|Sample|#  7|web.maximizeWindow() - PASS browser window maximized
2019-11-22 15:55:44,507|I|Thread-5|Test-plan.002,MyFirstProject.20191122_155538.001|Scenario|Macro-testing - executing activity
2019-11-22 15:55:45,110|I|Thread-5|Test-plan.002,MyFirstProject.20191122_155538.001|Scenario|Macro-testing|#  8|base.section(steps) - executing section(steps)(4)
2019-11-22 15:55:45,112|I|Thread-5|Test-plan.002,MyFirstProject.20191122_155538.001|Scenario|Macro-testing|#  8|base.section(steps) - PASS null
2019-11-22 15:55:45,713|I|Thread-5|Test-plan.002,MyFirstProject.20191122_155538.001|Scenario|Macro-testing|#  9|web.open(url) - executing open(url)(${gmailURL})
2019-11-22 15:55:47,851|I|Thread-5|current browser window handle:18
2019-11-22 15:55:47,866|I|Thread-5|Test-plan.002,MyFirstProject.20191122_155538.001|Scenario|Macro-testing|#  9|web.open(url) - PASS opened URL https://accounts.google.com/signin/v2/identifier?continue=https%3A%2F%2Fmail.google.com%2Fmail%2F&service=mail&sacu=1&rip=1&flowName=GlifWebSignIn&flowEntry=ServiceLogin
2019-11-22 15:55:48,475|I|Thread-5|Test-plan.002,MyFirstProject.20191122_155538.001|Scenario|Macro-testing|# 10|web.type(locator,value) - executing type(locator,value)(${usernameTextField}, ${username})
2019-11-22 15:55:48,711|I|Thread-5|Test-plan.002,MyFirstProject.20191122_155538.001|Scenario|Macro-testing|# 10|web.type(locator,value) - PASS typed text at '//input[@type='email']'
2019-11-22 15:55:49,314|I|Thread-5|Test-plan.002,MyFirstProject.20191122_155538.001|Scenario|Macro-testing|# 11|web.clickAndWait(locator, - executing clickAndWait(locator,waitMs)(${emaiNextButton}, 500)
2019-11-22 15:55:49,329|I|Thread-5|clicking '//div[@id='identifierNext']/span/span'...
2019-11-22 15:55:49,346|I|Thread-5|click target via JS, @id=
2019-11-22 15:55:49,400|I|Thread-5|clicked -> true
2019-11-22 15:55:50,315|I|Thread-5|Test-plan.002,MyFirstProject.20191122_155538.001|Scenario|Macro-testing|# 11|web.clickAndWait(locator, - PASS clicked-and-waited '//div[@id='identifierNext']/span/span'
2019-11-22 15:55:50,932|I|Thread-5|Test-plan.002,MyFirstProject.20191122_155538.001|Scenario|Macro-testing|# 12|web.type(locator,value) - executing type(locator,value)(${passwordTextField}, ${password})
2019-11-22 15:55:51,081|I|Thread-5|Test-plan.002,MyFirstProject.20191122_155538.001|Scenario|Macro-testing|# 12|web.type(locator,value) - PASS typed text at '//input[@type='password']'
2019-11-22 15:55:51,176|I|Thread-5|[Test-plan.002,MyFirstProject.20191122_155538.001|Scenario] saving test scenario
2019-11-22 15:55:51,321|I|Thread-5|[20191122_155503] 
/-TEST COMPLETE-----------------------------------------------------------------
| Test Output:    C:\projects\nexial\output\20191122_155503\Test-plan.002,MyFirstProject.20191122_155538.001.xlsx
| Iteration:      1
\-------------------------------------------------------------------------------
» Execution Time: 10011 ms
» Test Steps:     8
» Error(s):       0



2019-11-22 15:55:53,758|I|Thread-5|[20191122_155503] 
/-TEST COMPLETE-----------------------------------------------------------------
| Test Script:    C:\projects\nexial\artifact\script\MyFirstProject.xlsx
\-------------------------------------------------------------------------------
» Execution Time: 15462 ms
» Iterations:     [2] total 1
» Test Steps:     8
» Passed:         8
» Error(s):       0
» Iteration 1 of 1: C:\projects\nexial\output\20191122_155503\Test-plan.002,MyFirstProject.20191122_155538.001.xlsx



2019-11-22 15:55:54,302|I|main|[20191122_155503] [C:\projects\nexial\artifact\script\MyFirstProject.xlsx] now completed
2019-11-22 15:55:54,304|I|main|[20191122_155503] [C:\projects\nexial\artifact\script\MyFirstProject.xlsx] resolve RUN ID as 20191122_155503
2019-11-22 15:55:54,308|I|main|[20191122_155503] [C:\projects\nexial\artifact\script\MyFirstProject.xlsx] new thread started
2019-11-22 15:55:54,316|I|Thread-8|missing REQUIRED configuration; sms DISABLED!
2019-11-22 15:55:54,329|I|Thread-8|[20191122_155503] executing C:\projects\nexial\artifact\script\MyFirstProject.xlsx with 1 iteration(s)
2019-11-22 15:55:54,330|I|Thread-8|[20191122_155503] create directory C:\projects\nexial\output\20191122_155503\captures
2019-11-22 15:55:54,335|I|Thread-8|[20191122_155503] create directory C:\projects\nexial\output\20191122_155503\logs
2019-11-22 15:55:55,058|I|Thread-8|[20191122_155503] merging test data to tmp file C:\projects\nexial\output\20191122_155503\Test-plan.003,MyFirstProject.20191122_155554.001.xlsx
2019-11-22 15:55:55,061|I|Thread-8|refetching data from C:\projects\nexial\artifact\data\MyFirstProject.data.xlsx
2019-11-22 15:55:55,191|I|Thread-8|[20191122_155503] test script and test data merged to C:\projects\nexial\output\20191122_155503\Test-plan.003,MyFirstProject.20191122_155554.001.xlsx
2019-11-22 15:55:56,017|I|Thread-8|STARTS
2019-11-22 15:55:56,025|I|Thread-8|Test-plan.003,MyFirstProject.20191122_155554.001 - executing iteration #1 of 1; Iteration Id 2
2019-11-22 15:55:56,027|I|Thread-8|Test-plan.003,MyFirstProject.20191122_155554.001|baseMethods - executing test scenario
2019-11-22 15:55:56,030|I|Thread-8|Test-plan.003,MyFirstProject.20191122_155554.001|baseMethods|Activity 1 - executing activity
2019-11-22 15:55:56,631|I|Thread-8|Test-plan.003,MyFirstProject.20191122_155554.001|baseMethods|Activity 1|#  5|base.verbose(text) - executing verbose(text)(Hello World)
2019-11-22 15:55:56,633|I|Thread-8|Test-plan.003,MyFirstProject.20191122_155554.001|baseMethods|Activity 1|#  5|base.verbose(text) - Hello World
2019-11-22 15:55:56,637|I|Thread-8|Test-plan.003,MyFirstProject.20191122_155554.001|baseMethods|Activity 1|#  5|base.verbose(text) - PASS 
2019-11-22 15:55:57,239|I|Thread-8|Test-plan.003,MyFirstProject.20191122_155554.001|baseMethods|Activity 1|#  6|base.save(var,value) - executing save(var,value)(var1, ${cName})
2019-11-22 15:55:57,242|I|Thread-8|Test-plan.003,MyFirstProject.20191122_155554.001|baseMethods|Activity 1|#  6|base.save(var,value) - PASS stored 'Atmecs' as ${var1}
2019-11-22 15:55:57,854|I|Thread-8|Test-plan.003,MyFirstProject.20191122_155554.001|baseMethods|Activity 1|#  7|base.verbose(text) - executing verbose(text)(${var1})
2019-11-22 15:55:57,854|I|Thread-8|Test-plan.003,MyFirstProject.20191122_155554.001|baseMethods|Activity 1|#  7|base.verbose(text) - Atmecs
2019-11-22 15:55:57,854|I|Thread-8|Test-plan.003,MyFirstProject.20191122_155554.001|baseMethods|Activity 1|#  7|base.verbose(text) - PASS 
2019-11-22 15:55:58,463|I|Thread-8|Test-plan.003,MyFirstProject.20191122_155554.001|baseMethods|Activity 1|#  8|base.appendText(var,appen - executing appendText(var,appendWith)(var1, Technologies,Hyderabad)
2019-11-22 15:55:58,463|I|Thread-8|Test-plan.003,MyFirstProject.20191122_155554.001|baseMethods|Activity 1|#  8|base.appendText(var,appen - PASS appended 'Technologies,Hyderabad' to ${var1}
2019-11-22 15:55:59,064|I|Thread-8|Test-plan.003,MyFirstProject.20191122_155554.001|baseMethods|Activity 1|#  9|base.assertEqual(expected - executing assertEqual(expected,actual)(${var1}, AtmecsTechnologies,Hyderabad)
2019-11-22 15:55:59,069|I|Thread-8|Test-plan.003,MyFirstProject.20191122_155554.001|baseMethods|Activity 1|#  9|base.assertEqual(expected - PASS validated EXPECTED = ACTUAL; 'AtmecsTechnologies,Hyderabad' = 'AtmecsTechnologies,Hyderabad'
2019-11-22 15:55:59,672|I|Thread-8|Test-plan.003,MyFirstProject.20191122_155554.001|baseMethods|Activity 1|# 10|base.split(text,delim,sav - executing split(text,delim,saveVar)(${var1}, ,, array1)
2019-11-22 15:55:59,675|I|Thread-8|Test-plan.003,MyFirstProject.20191122_155554.001|baseMethods|Activity 1|# 10|base.split(text,delim,sav - PASS stored transformed array as ${array1}
2019-11-22 15:56:00,276|I|Thread-8|Test-plan.003,MyFirstProject.20191122_155554.001|baseMethods|Activity 1|# 11|base.verbose(text) - executing verbose(text)(${array1}[0])
2019-11-22 15:56:00,280|I|Thread-8|Test-plan.003,MyFirstProject.20191122_155554.001|baseMethods|Activity 1|# 11|base.verbose(text) - AtmecsTechnologies
2019-11-22 15:56:00,284|I|Thread-8|Test-plan.003,MyFirstProject.20191122_155554.001|baseMethods|Activity 1|# 11|base.verbose(text) - PASS 
2019-11-22 15:56:00,887|I|Thread-8|Test-plan.003,MyFirstProject.20191122_155554.001|baseMethods|Activity 1|# 12|base.assertArrayContain(a - executing assertArrayContain(array,expected)(${array1}, ${city})
2019-11-22 15:56:00,892|I|Thread-8|Test-plan.003,MyFirstProject.20191122_155554.001|baseMethods|Activity 1|# 12|base.assertArrayContain(a - PASS All items in 'expected' are found in 'array'
2019-11-22 15:56:01,495|I|Thread-8|Test-plan.003,MyFirstProject.20191122_155554.001|baseMethods|Activity 1|# 13|base.assertArrayEqual(arr - executing assertArrayEqual(array1,array2,exactOrder)(${array1}, ${array2}, true)
2019-11-22 15:56:01,503|I|Thread-8|Test-plan.003,MyFirstProject.20191122_155554.001|baseMethods|Activity 1|# 13|base.assertArrayEqual(arr - PASS validated ACTUAL [AtmecsTechnologies,Hyderabad] = [AtmecsTechnologies,Hyderabad] as EXPECTED
2019-11-22 15:56:02,111|I|Thread-8|Test-plan.003,MyFirstProject.20191122_155554.001|baseMethods|Activity 1|# 14|base.assertArrayNotContai - executing assertArrayNotContain(array,unexpected)(${array1}, Ltd)
2019-11-22 15:56:02,115|I|Thread-8|Test-plan.003,MyFirstProject.20191122_155554.001|baseMethods|Activity 1|# 14|base.assertArrayNotContai - PASS All items in 'unexpected' are NOT found in 'array'
2019-11-22 15:56:02,718|I|Thread-8|Test-plan.003,MyFirstProject.20191122_155554.001|baseMethods|Activity 1|# 15|base.assertContains(text, - executing assertContains(text,substring)(${var1}, Hyderabad)
2019-11-22 15:56:02,723|I|Thread-8|Test-plan.003,MyFirstProject.20191122_155554.001|baseMethods|Activity 1|# 15|base.assertContains(text, - PASS validated text 'AtmecsTechnologies,Hyderabad' contains 'Hyderabad'
2019-11-22 15:56:03,326|I|Thread-8|Test-plan.003,MyFirstProject.20191122_155554.001|baseMethods|Activity 1|# 16|base.assertNotContain(tex - executing assertNotContain(text,substring)(${var1}, Ltd)
2019-11-22 15:56:03,332|I|Thread-8|Test-plan.003,MyFirstProject.20191122_155554.001|baseMethods|Activity 1|# 16|base.assertNotContain(tex - PASS validated text 'AtmecsTechnologies,Hyderabad' does NOT contains 'Ltd'
2019-11-22 15:56:03,936|I|Thread-8|Test-plan.003,MyFirstProject.20191122_155554.001|baseMethods|Activity 1|# 17|base.saveReplace(text,reg - executing saveReplace(text,regex,replace,saveVar)(${var1}, ,, *, var2)
2019-11-22 15:56:04,017|I|Thread-8|Test-plan.003,MyFirstProject.20191122_155554.001|baseMethods|Activity 1|# 17|base.saveReplace(text,reg - PASS matches replaced and stored to variable var2
2019-11-22 15:56:04,619|I|Thread-8|Test-plan.003,MyFirstProject.20191122_155554.001|baseMethods|Activity 1|# 18|base.assertEqual(expected - executing assertEqual(expected,actual)(${var2}, AtmecsTechnologies*Hyderabad)
2019-11-22 15:56:04,627|I|Thread-8|Test-plan.003,MyFirstProject.20191122_155554.001|baseMethods|Activity 1|# 18|base.assertEqual(expected - PASS validated EXPECTED = ACTUAL; 'AtmecsTechnologies*Hyderabad' = 'AtmecsTechnologies*Hyderabad'
2019-11-22 15:56:05,234|I|Thread-8|Test-plan.003,MyFirstProject.20191122_155554.001|baseMethods|Activity 1|# 19|web.open(url) - executing open(url)(https://www.google.com)
2019-11-22 15:56:06,233|I|Thread-8|current browser window handle:18
2019-11-22 15:56:06,246|I|Thread-8|Test-plan.003,MyFirstProject.20191122_155554.001|baseMethods|Activity 1|# 19|web.open(url) - PASS opened URL https://www.google.com
2019-11-22 15:56:06,848|I|Thread-8|Test-plan.003,MyFirstProject.20191122_155554.001|baseMethods|Activity 1|# 20|web.assertAttribute(locat - executing assertAttribute(locator,attrName,value)(${googleSearch}, value, Google Search)
2019-11-22 15:56:06,915|I|Thread-8|Element '(//input[@value='Google Search'])[2]' attribute 'value' yielded 'Google Search'
2019-11-22 15:56:06,919|I|Thread-8|Test-plan.003,MyFirstProject.20191122_155554.001|baseMethods|Activity 1|# 20|web.assertAttribute(locat - PASS validated EXPECTED = ACTUAL; 'Google Search' = 'Google Search'
2019-11-22 15:56:07,533|I|Thread-8|Test-plan.003,MyFirstProject.20191122_155554.001|baseMethods|Activity 1|# 21|web.assertAttributeContai - executing assertAttributeContain(locator,attrName,contains)(${googleSearch}, value, Search)
2019-11-22 15:56:07,589|I|Thread-8|Test-plan.003,MyFirstProject.20191122_155554.001|baseMethods|Activity 1|# 21|web.assertAttributeContai - PASS Attribute 'value' of element '(//input[@value='Google Search'])[2]' CONTAINS 'Search', as EXPECTED
2019-11-22 15:56:08,214|I|Thread-8|Test-plan.003,MyFirstProject.20191122_155554.001|baseMethods|Activity 1|# 22|web.assertAttributeNotCon - executing assertAttributeNotContain(locator,attrName,contains)(${googleSearch}, value, Searches)
2019-11-22 15:56:08,229|I|Thread-8|Test-plan.003,MyFirstProject.20191122_155554.001|baseMethods|Activity 1|# 22|web.assertAttributeNotCon - PASS Attribute 'value' of element '(//input[@value='Google Search'])[2]' DOES NOT contains 'Searches', as EXPECTED
2019-11-22 15:56:08,839|I|Thread-8|Test-plan.003,MyFirstProject.20191122_155554.001|baseMethods|Activity 1|# 23|web.rightClick(locator) - executing rightClick(locator)(${googleSearch})
2019-11-22 15:56:09,246|I|Thread-8|Test-plan.003,MyFirstProject.20191122_155554.001|baseMethods|Activity 1|# 23|web.rightClick(locator) - PASS right-clicked on '(//input[@value='Google Search'])[2]'
2019-11-22 15:56:09,855|I|Thread-8|Test-plan.003,MyFirstProject.20191122_155554.001|baseMethods|Activity 1|# 24|web.typeKeys(locator,valu - executing typeKeys(locator,value)(${googleSearch}, {F11})
2019-11-22 15:56:10,729|I|Thread-8|Test-plan.003,MyFirstProject.20191122_155554.001|baseMethods|Activity 1|# 24|web.typeKeys(locator,valu - PASS typed text at '(//input[@value='Google Search'])[2]'
2019-11-22 15:56:11,332|I|Thread-8|Test-plan.003,MyFirstProject.20191122_155554.001|baseMethods|Activity 1|# 25|web.typeKeys(locator,valu - executing typeKeys(locator,value)(${googleSearch}, {ENTER})
2019-11-22 15:56:12,156|I|Thread-8|Test-plan.003,MyFirstProject.20191122_155554.001|baseMethods|Activity 1|# 25|web.typeKeys(locator,valu - PASS typed text at '(//input[@value='Google Search'])[2]'
2019-11-22 15:56:12,234|I|Thread-8|[Test-plan.003,MyFirstProject.20191122_155554.001|baseMethods] saving test scenario
2019-11-22 15:56:12,344|I|Thread-8|[20191122_155503] 
/-TEST COMPLETE-----------------------------------------------------------------
| Test Output:    C:\projects\nexial\output\20191122_155503\Test-plan.003,MyFirstProject.20191122_155554.001.xlsx
| Iteration:      1
\-------------------------------------------------------------------------------
» Execution Time: 16318 ms
» Test Steps:     21
» Error(s):       0



2019-11-22 15:56:14,375|I|Thread-8|[20191122_155503] 
/-TEST COMPLETE-----------------------------------------------------------------
| Test Script:    C:\projects\nexial\artifact\script\MyFirstProject.xlsx
\-------------------------------------------------------------------------------
» Execution Time: 20051 ms
» Iterations:     [2] total 1
» Test Steps:     21
» Passed:         21
» Error(s):       0
» Iteration 1 of 1: C:\projects\nexial\output\20191122_155503\Test-plan.003,MyFirstProject.20191122_155554.001.xlsx



2019-11-22 15:56:15,377|I|main|[20191122_155503] [C:\projects\nexial\artifact\script\MyFirstProject.xlsx] now completed
2019-11-22 15:56:15,385|I|main|[20191122_155503] all execution thread(s) have terminated
2019-11-22 15:56:15,387|I|main|[20191122_155503] test run completed in about 71 seconds
2019-11-22 15:56:15,517|I|main|No predefined nexial-setup found
2019-11-22 15:56:15,561|I|main|outputBase not set; output-to-cloud DISABLED!
2019-11-22 15:56:15,567|I|main|accessKey not set; output-to-cloud DISABLED!
2019-11-22 15:56:15,568|I|main|secretKey not set; output-to-cloud DISABLED!
2019-11-22 15:56:15,569|I|main|generating HTML output for this execution to C:\projects\nexial\output\20191122_155503\execution-output.html
2019-11-22 15:56:16,277|I|main|generating JUnit XML output for this execution to C:\projects\nexial\output\20191122_155503\junit.xml
2019-11-22 15:56:16,339|I|main|generated JUnit report for this execution: C:\projects\nexial\output\20191122_155503\junit.xml
2019-11-22 15:56:16,449|I|main|Sending email to [balusingamreddy@yahoo.com]
2019-11-22 15:56:21,769|E|main|Unable to send out notification email: 535-5.7.8 Username and Password not accepted. Learn more at
535 5.7.8  https://support.google.com/mail/?p=BadCredentials hi2sm2417835pjb.22 - gsmtp

2019-11-22 15:56:21,771|I|main|exiting Nexial...
2019-11-22 15:56:21,776|I|main|shutdown starts...
2019-11-22 15:56:21,777|I|main|Shutting down 'firefox' webdriver...
2019-11-22 15:56:22,779|I|main|Quits this driver, closing every associated window.
2019-11-22 15:56:28,217|I|main|shutdown ends...
2019-11-22 15:56:28,223|I|main|

/-END OF EXECUTION--------------------------------------------------------------
| » Execution Time: 71 sec.
| » Test Steps....: 36
| » Passed........: 36
| » Failed........: 0
| » Success Rate..: 100.00%
\----------------------------------------------------------nexial-core dev_0704-

2019-11-22 15:56:28,225|I|main|ALL PASSED!
2019-11-22 15:56:28,230|I|main|End of Execution:
NEXIAL_OUTPUT:         C:\projects\nexial\output\20191122_155503
NEXIAL_EXECUTION_HTML: C:\projects\nexial\output\20191122_155503\execution-output.html
NEXIAL_JUNIT_XML:      C:\projects\nexial\output\20191122_155503\junit.xml
NEXIAL_SUCCESS_RATE:   100.00%
NEXIAL_EXIT_STATUS:    0
